[2019-07-16 09:22:13] ERROR (exception.Log4j - error:15) - ----error----xxxxxxx 예약 건이 존재하지 않습니다. xxxxxxx
[2019-07-16 09:22:13]  INFO (exception.Log4j - info:11) - ----info----삭제되었습니다
[2019-07-16 09:22:13] ERROR (exception.Log4j - error:15) - ----error----xxxxxxx 예약 건이 존재하지 않습니다. xxxxxxx
[2019-07-16 09:37:17] ERROR (exception.Log4j - error:15) - ----error----xxxxxxx 예약 건이 존재하지 않습니다. xxxxxxx
[2019-07-16 09:37:17]  INFO (exception.Log4j - info:11) - ----info----삭제되었습니다
[2019-07-16 09:37:17] ERROR (exception.Log4j - error:15) - ----error----xxxxxxx 예약 건이 존재하지 않습니다. xxxxxxx
[2019-07-16 09:42:28] ERROR (exception.Log4j - error:15) - ----error----xxxxxxx 예약 건이 존재하지 않습니다. xxxxxxx
[2019-07-16 09:42:28]  INFO (exception.Log4j - info:11) - ----info----삭제되었습니다
[2019-07-16 09:42:28] ERROR (exception.Log4j - error:15) - ----error----xxxxxxx 예약 건이 존재하지 않습니다. xxxxxxx
[2019-07-16 09:42:46] ERROR (exception.Log4j - error:15) - ----error----xxxxxxx 예약 건이 존재하지 않습니다. xxxxxxx
[2019-07-16 09:42:46]  INFO (exception.Log4j - info:11) - ----info----삭제되었습니다
[2019-07-16 09:42:46] ERROR (exception.Log4j - error:15) - ----error----xxxxxxx 예약 건이 존재하지 않습니다. xxxxxxx
[2019-07-16 09:43:00] ERROR (exception.Log4j - error:15) - ----error----xxxxxxx 예약 건이 존재하지 않습니다. xxxxxxx
[2019-07-16 09:43:00]  INFO (exception.Log4j - info:11) - ----info----삭제되었습니다
[2019-07-16 09:43:00] ERROR (exception.Log4j - error:15) - ----error----xxxxxxx 예약 건이 존재하지 않습니다. xxxxxxx
[2019-07-16 09:43:21] ERROR (exception.Log4j - error:15) - ----error----xxxxxxx 예약 건이 존재하지 않습니다. xxxxxxx
[2019-07-16 09:43:21]  INFO (exception.Log4j - info:11) - ----info----삭제되었습니다
[2019-07-16 09:43:21] ERROR (exception.Log4j - error:15) - ----error----xxxxxxx 예약 건이 존재하지 않습니다. xxxxxxx
[2019-07-16 09:43:34] ERROR (exception.Log4j - error:15) - ----error----xxxxxxx 예약 건이 존재하지 않습니다. xxxxxxx
[2019-07-16 09:43:34]  INFO (exception.Log4j - info:11) - ----info----삭제되었습니다
[2019-07-16 09:43:34] ERROR (exception.Log4j - error:15) - ----error----xxxxxxx 예약 건이 존재하지 않습니다. xxxxxxx
[2019-07-16 09:43:42] ERROR (exception.Log4j - error:15) - ----error----xxxxxxx 예약 건이 존재하지 않습니다. xxxxxxx
[2019-07-16 09:43:42]  INFO (exception.Log4j - info:11) - ----info----삭제되었습니다
[2019-07-16 09:43:42] ERROR (exception.Log4j - error:15) - ----error----xxxxxxx 예약 건이 존재하지 않습니다. xxxxxxx
[2019-07-16 10:07:24] ERROR (exception.Log4j - error:15) - ----error----xxxxxxx 예약 건이 존재하지 않습니다. xxxxxxx
[2019-07-16 10:07:24]  INFO (exception.Log4j - info:11) - ----info----삭제되었습니다
[2019-07-16 10:07:24] ERROR (exception.Log4j - error:15) - ----error----xxxxxxx 예약 건이 존재하지 않습니다. xxxxxxx
[2019-07-16 10:11:59] ERROR (exception.Log4j - error:15) - ----error----xxxxxxx 예약 건이 존재하지 않습니다. xxxxxxx
[2019-07-16 10:11:59]  INFO (exception.Log4j - info:11) - ----info----삭제되었습니다
[2019-07-16 10:11:59] ERROR (exception.Log4j - error:15) - ----error----xxxxxxx 예약 건이 존재하지 않습니다. xxxxxxx
[2019-07-16 10:12:49] ERROR (exception.Log4j - error:15) - ----error----xxxxxxx 예약 건이 존재하지 않습니다. xxxxxxx
[2019-07-16 10:12:49]  INFO (exception.Log4j - info:11) - ----info----삭제되었습니다
[2019-07-16 10:12:49] ERROR (exception.Log4j - error:15) - ----error----xxxxxxx 예약 건이 존재하지 않습니다. xxxxxxx
[2019-07-16 10:46:11] ERROR (log4j.Log4j - error:15) - ----error----xxxxxxx 예약 건이 존재하지 않습니다. xxxxxxx
[2019-07-16 10:46:11]  INFO (log4j.Log4j - info:11) - ----info----삭제되었습니다
[2019-07-16 10:46:11] ERROR (log4j.Log4j - error:15) - ----error----xxxxxxx 예약 건이 존재하지 않습니다. xxxxxxx
[2019-07-16 10:58:05] ERROR (log4j.Log4j - error:15) - ----error----xxxxxxx 예약 건이 존재하지 않습니다. xxxxxxx
[2019-07-16 10:58:05]  INFO (log4j.Log4j - info:11) - ----info----삭제되었습니다
[2019-07-16 10:58:05] ERROR (log4j.Log4j - error:15) - ----error----xxxxxxx 예약 건이 존재하지 않습니다. xxxxxxx
[2019-07-16 11:09:37] ERROR (log4j.Log4j - error:14) - ----error----xxxxxxx 예약 건이 존재하지 않습니다. xxxxxxx
[2019-07-16 11:09:37]  INFO (log4j.Log4j - info:10) - ----info----삭제되었습니다
[2019-07-16 11:09:37] ERROR (log4j.Log4j - error:14) - ----error----xxxxxxx 예약 건이 존재하지 않습니다. xxxxxxx
[2019-07-16 11:15:22] ERROR (log4j.Log4j - error:14) - ----error----xxxxxxx 예약 건이 존재하지 않습니다. xxxxxxx
[2019-07-16 11:15:22]  INFO (log4j.Log4j - info:10) - ----info----삭제되었습니다
[2019-07-16 11:15:22] ERROR (log4j.Log4j - error:14) - ----error----xxxxxxx 예약 건이 존재하지 않습니다. xxxxxxx
[2019-07-16 11:16:51] ERROR (log4j.Log4j - error:14) - ----error----xxxxxxx 예약 건이 존재하지 않습니다. xxxxxxx
[2019-07-16 11:16:51]  INFO (log4j.Log4j - info:10) - ----info----삭제되었습니다
[2019-07-16 11:16:51] ERROR (log4j.Log4j - error:14) - ----error----xxxxxxx 예약 건이 존재하지 않습니다. xxxxxxx
[2019-07-16 11:18:51] ERROR (log4j.Log4j - error:14) - ----error----xxxxxxx 예약 건이 존재하지 않습니다. xxxxxxx
[2019-07-16 11:18:51]  INFO (log4j.Log4j - info:10) - ----info----삭제되었습니다
[2019-07-16 11:18:51] ERROR (log4j.Log4j - error:14) - ----error----xxxxxxx 예약 건이 존재하지 않습니다. xxxxxxx
[2019-07-16 11:24:12] ERROR (log4j.Log4j - error:14) - ----error----xxxxxxx 예약 건이 존재하지 않습니다. xxxxxxx
[2019-07-16 11:24:12]  INFO (log4j.Log4j - info:10) - ----info----삭제되었습니다
[2019-07-16 11:24:12] ERROR (log4j.Log4j - error:14) - ----error----xxxxxxx 예약 건이 존재하지 않습니다. xxxxxxx
[2019-07-16 11:28:43] ERROR (log4j.Log4j - error:14) - ----error----xxxxxxx 예약 건이 존재하지 않습니다. xxxxxxx
[2019-07-16 11:28:43]  INFO (log4j.Log4j - info:10) - ----info----삭제되었습니다
[2019-07-16 11:28:43] ERROR (log4j.Log4j - error:14) - ----error----xxxxxxx 예약 건이 존재하지 않습니다. xxxxxxx
[2019-07-16 11:29:17] ERROR (log4j.Log4j - error:14) - ----error----xxxxxxx 예약 건이 존재하지 않습니다. xxxxxxx
[2019-07-16 11:29:17]  INFO (log4j.Log4j - info:10) - ----info----삭제되었습니다
[2019-07-16 11:29:17] ERROR (log4j.Log4j - error:14) - ----error----xxxxxxx 예약 건이 존재하지 않습니다. xxxxxxx
[2019-07-16 11:30:41] ERROR (log4j.Log4j - error:14) - ----error----xxxxxxx 예약 건이 존재하지 않습니다. xxxxxxx
[2019-07-16 11:30:41]  INFO (log4j.Log4j - info:10) - ----info----삭제되었습니다
[2019-07-16 11:30:41] ERROR (log4j.Log4j - error:14) - ----error----xxxxxxx 예약 건이 존재하지 않습니다. xxxxxxx
[2019-07-16 11:33:39] ERROR (log4j.Log4j - error:14) - ----error----xxxxxxx 예약 건이 존재하지 않습니다. xxxxxxx
[2019-07-16 11:33:52]  INFO (log4j.Log4j - info:10) - ----info----삭제되었습니다
[2019-07-16 11:33:52] ERROR (log4j.Log4j - error:14) - ----error----xxxxxxx 예약 건이 존재하지 않습니다. xxxxxxx
[2019-07-16 11:38:30] ERROR (log4j.Log4j - error:14) - ----error----xxxxxxx 예약 건이 존재하지 않습니다. xxxxxxx
[2019-07-16 11:38:42]  INFO (log4j.Log4j - info:10) - ----info----삭제되었습니다
[2019-07-16 11:38:42] ERROR (log4j.Log4j - error:14) - ----error----xxxxxxx 예약 건이 존재하지 않습니다. xxxxxxx
[2019-07-16 11:56:41] ERROR (log4j.Log4j - error:14) - ----error----xxxxxxx 예약 건이 존재하지 않습니다. xxxxxxx
[2019-07-16 12:01:21] ERROR (log4j.Log4j - error:14) - ----error----xxxxxxx 예약 건이 존재하지 않습니다. xxxxxxx
[2019-07-16 12:02:04] ERROR (log4j.Log4j - error:14) - ----error----xxxxxxx 예약 건이 존재하지 않습니다. xxxxxxx
[2019-07-16 12:03:12] ERROR (log4j.Log4j - error:14) - ----error----xxxxxxx 예약 건이 존재하지 않습니다. xxxxxxx
[2019-07-16 12:04:26] ERROR (log4j.Log4j - error:14) - ----error----xxxxxxx 예약 건이 존재하지 않습니다. xxxxxxx
[2019-07-16 12:04:50] ERROR (log4j.Log4j - error:14) - ----error----xxxxxxx 예약 건이 존재하지 않습니다. xxxxxxx
[2019-07-16 12:05:24] ERROR (log4j.Log4j - error:14) - ----error----xxxxxxx 예약 건이 존재하지 않습니다. xxxxxxx
[2019-07-16 12:12:51]  INFO (log4j.Log4j - info:10) - ----info----삭제되었습니다
[2019-07-16 12:12:51] ERROR (log4j.Log4j - error:14) - ----error----xxxxxxx 예약 건이 존재하지 않습니다. xxxxxxx
[2019-07-16 12:16:19] ERROR (log4j.Log4j - error:14) - ----error----xxxxxxx 예약 건이 존재하지 않습니다. xxxxxxx
[2019-07-16 12:16:45]  INFO (log4j.Log4j - info:10) - ----info----삭제되었습니다
[2019-07-16 12:25:14] ERROR (log4j.Log4j - error:14) - ----error----xxxxxxx 예약 건이 존재하지 않습니다. xxxxxxx
[2019-07-16 12:36:53]  INFO (log4j.Log4j - info:10) - ----info----삭제되었습니다
[2019-07-16 12:49:28] ERROR (log4j.Log4j - error:14) - ----error----xxxxxxx 예약 건이 존재하지 않습니다. xxxxxxx
[2019-07-16 14:21:27] ERROR (log4j.Log4j - error:14) - ----error----xxxxxxx 요청하신 정보를 찾을 수 없습니다. xxxxxxx

[2019-07-16 14:22:07] ERROR (log4j.Log4j - error:14) - ----error----xxxxxxx 요청하신 정보를 찾을 수 없습니다. xxxxxxx

[2019-07-16 14:23:22] ERROR (log4j.Log4j - error:14) - ----error----xxxxxxx 요청하신 정보를 찾을 수 없습니다. xxxxxxx

[2019-07-16 14:31:01] ERROR (log4j.Log4j - error:14) - ----error----xxxxxxx 예약 건이 존재하지 않습니다. xxxxxxx
[2019-07-16 14:31:01] ERROR (log4j.Log4j - error:14) - ----error----xxxxxxx 예약 건이 존재하지 않습니다. xxxxxxx
[2019-07-16 14:31:01] ERROR (log4j.Log4j - error:14) - ----error----xxxxxxx 예약 건이 존재하지 않습니다. xxxxxxx
[2019-07-16 14:31:23] ERROR (log4j.Log4j - error:14) - ----error----xxxxxxx 예약 건이 존재하지 않습니다. xxxxxxx
[2019-07-16 14:31:37] ERROR (log4j.Log4j - error:14) - ----error----xxxxxxx 예약 건이 존재하지 않습니다. xxxxxxx
[2019-07-16 14:31:37] ERROR (log4j.Log4j - error:14) - ----error----xxxxxxx 예약 건이 존재하지 않습니다. xxxxxxx
[2019-07-16 14:31:37] ERROR (log4j.Log4j - error:14) - ----error----xxxxxxx 예약 건이 존재하지 않습니다. xxxxxxx
[2019-07-16 14:33:37] ERROR (log4j.Log4j - error:14) - ----error----xxxxxxx 예약 건이 존재하지 않습니다. xxxxxxx
[2019-07-16 14:34:55] ERROR (log4j.Log4j - error:14) - ----error----xxxxxxx 예약 건이 존재하지 않습니다. xxxxxxx
[2019-07-16 14:54:38]  INFO (log4j.Log4j - info:10) - ----info----xxxxxxx 예약이 취소되었습니다. xxxxxxx
[2019-07-16 14:55:01] ERROR (log4j.Log4j - error:14) - ----error----xxxxxxx 예약 건이 존재하지 않습니다. xxxxxxx
[2019-07-16 14:57:13] ERROR (log4j.Log4j - error:14) - ----error----xxxxxxx 예약 건이 존재하지 않습니다. xxxxxxx
[2019-07-16 14:57:13] ERROR (log4j.Log4j - error:14) - ----error----xxxxxxx 예약 건이 존재하지 않습니다. xxxxxxx
[2019-07-16 14:57:13] ERROR (log4j.Log4j - error:14) - ----error----xxxxxxx 예약 건이 존재하지 않습니다. xxxxxxx
[2019-07-16 15:10:29] ERROR (log4j.Log4j - error:14) - ----error----xxxxxxx 예약 건이 존재하지 않습니다. xxxxxxx
[2019-07-16 15:10:32] ERROR (log4j.Log4j - error:14) - ----error----xxxxxxx 예약 건이 존재하지 않습니다. xxxxxxx
[2019-07-16 15:11:52] ERROR (log4j.Log4j - error:14) - ----error----xxxxxxx 예약 건이 존재하지 않습니다. xxxxxxx
[2019-07-16 15:13:43] ERROR (log4j.Log4j - error:14) - ----error----xxxxxxx 예약 건이 존재하지 않습니다. xxxxxxx
[2019-07-16 15:15:35] ERROR (log4j.Log4j - error:14) - ----error----xxxxxxx 예약 건이 존재하지 않습니다. xxxxxxx
[2019-07-16 15:48:59] ERROR (log4j.Log4j - error:14) - ----error----xxxxxxx 요청하신 정보를 찾을 수 없습니다. xxxxxxx

[2019-07-16 15:49:58]  INFO (log4j.Log4j - info:10) - ----info----xxxxxxx 예약이 취소되었습니다. xxxxxxx
